0 info it worked if it ends with ok
1 verbose cli [ '/home/jdb/bin/node-v6.7.0-linux-x64/bin/node',
1 verbose cli   '/home/jdb/bin/npm',
1 verbose cli   'publish' ]
2 info using npm@3.10.3
3 info using node@v6.7.0
4 verbose publish [ '.' ]
5 silly cache add args [ '.', null ]
6 verbose cache add spec .
7 silly cache add parsed spec Result {
7 silly cache add   raw: '.',
7 silly cache add   scope: null,
7 silly cache add   escapedName: null,
7 silly cache add   name: null,
7 silly cache add   rawSpec: '.',
7 silly cache add   spec: '/home/jdb/Desktop/npm-exec',
7 silly cache add   type: 'directory' }
8 verbose addLocalDirectory /home/jdb/.npm/npm-exec/1.0.0/package.tgz not in flight; packing
9 verbose correctMkdir /home/jdb/.npm correctMkdir not in flight; initializing
10 info lifecycle npm-exec@1.0.0~prepublish: npm-exec@1.0.0
11 silly lifecycle npm-exec@1.0.0~prepublish: no script for prepublish, continuing
12 verbose tar pack [ '/home/jdb/.npm/npm-exec/1.0.0/package.tgz',
12 verbose tar pack   '/home/jdb/Desktop/npm-exec' ]
13 verbose tarball /home/jdb/.npm/npm-exec/1.0.0/package.tgz
14 verbose folder /home/jdb/Desktop/npm-exec
15 verbose addLocalTarball adding from inside cache /home/jdb/.npm/npm-exec/1.0.0/package.tgz
16 verbose correctMkdir /home/jdb/.npm correctMkdir not in flight; initializing
17 silly cache afterAdd npm-exec@1.0.0
18 verbose afterAdd /home/jdb/.npm/npm-exec/1.0.0/package/package.json not in flight; writing
19 verbose correctMkdir /home/jdb/.npm correctMkdir not in flight; initializing
20 verbose afterAdd /home/jdb/.npm/npm-exec/1.0.0/package/package.json written
21 silly publish { name: 'npm-exec',
21 silly publish   version: '1.0.0',
21 silly publish   description: 'A util for just running a npm script',
21 silly publish   license: 'MIT',
21 silly publish   repository:
21 silly publish    { type: 'git',
21 silly publish      url: 'git+https://github.com/legodude17/npm-exec.git' },
21 silly publish   author:
21 silly publish    { name: 'legodude17',
21 silly publish      email: 'legodude17@users.noreply.github.com',
21 silly publish      url: 'legodude17.github.io' },
21 silly publish   bin: { 'npm-exec': 'cli.js' },
21 silly publish   scripts:
21 silly publish    { test: './cli.js lint && ./cli.js test:actual',
21 silly publish      lint: 'eslint *.js',
21 silly publish      'test:actual': 'node test.js',
21 silly publish      echo: 'echo hi',
21 silly publish      cat: 'cat' },
21 silly publish   files: [ 'index.js', 'cli.js' ],
21 silly publish   keywords: [ 'cli-app', 'cli', 'npm', 'exec' ],
21 silly publish   dependencies: { read: '^1.0.7', which: '^1.2.12' },
21 silly publish   devDependencies: { eslint: '^3.11.1' },
21 silly publish   readme: '# npm-exec [![Build Status](https://travis-ci.org/legodude17/npm-exec.svg?branch=master)](https://travis-ci.org/legodude17/npm-exec)\n\n> A util for just running a npm script\n\n\n## Install\n\n```\n$ npm install --save npm-exec\n```\n\n\n## Usage\n\n```js\nconst npmExec = require(\'npm-exec\');\n\nnpmExec(\'unicorns\');\n//=> \'unicorns & rainbows\'\n```\n\n\n## API\n\n### npmExec(input, [options])\n\n#### input\n\nType: `string`\n\nLorem ipsum.\n\n#### options\n\n##### foo\n\nType: `boolean`<br>\nDefault: `false`\n\nLorem ipsum.\n\n\n## CLI\n\n```\n$ npm install --global npm-exec\n```\n\n```\n$ npm-exec --help\n\n  Usage\n    npm-exec [input]\n\n  Options\n    --foo  Lorem ipsum [Default: false]\n\n  Examples\n    $ npm-exec\n    unicorns & rainbows\n    $ npm-exec ponies\n    ponies & rainbows\n```\n\n\n## License\n\nMIT © [legodude17](https://legodude17.github.io)\n',
21 silly publish   readmeFilename: 'readme.md',
21 silly publish   gitHead: 'f1b3c90b99c4c1d2db5997e411ab27b5655671d2',
21 silly publish   bugs: { url: 'https://github.com/legodude17/npm-exec/issues' },
21 silly publish   homepage: 'https://github.com/legodude17/npm-exec#readme',
21 silly publish   _id: 'npm-exec@1.0.0',
21 silly publish   _shasum: 'f2bf8133cf3cb68989f6eef8ccf3e73912cc642c',
21 silly publish   _from: '.' }
22 verbose getPublishConfig undefined
23 silly mapToRegistry name npm-exec
24 silly mapToRegistry using default registry
25 silly mapToRegistry registry https://registry.npmjs.org/
26 silly mapToRegistry data Result {
26 silly mapToRegistry   raw: 'npm-exec',
26 silly mapToRegistry   scope: null,
26 silly mapToRegistry   escapedName: 'npm-exec',
26 silly mapToRegistry   name: 'npm-exec',
26 silly mapToRegistry   rawSpec: '',
26 silly mapToRegistry   spec: 'latest',
26 silly mapToRegistry   type: 'tag' }
27 silly mapToRegistry uri https://registry.npmjs.org/npm-exec
28 verbose publish registryBase https://registry.npmjs.org/
29 silly publish uploading /home/jdb/.npm/npm-exec/1.0.0/package.tgz
30 verbose stack Error: auth required for publishing
30 verbose stack     at CachingRegistryClient.publish (/home/jdb/bin/node-v6.7.0-linux-x64/lib/node_modules/npm/node_modules/npm-registry-client/lib/publish.js:30:14)
30 verbose stack     at /home/jdb/bin/node-v6.7.0-linux-x64/lib/node_modules/npm/lib/publish.js:138:14
30 verbose stack     at mapToRegistry (/home/jdb/bin/node-v6.7.0-linux-x64/lib/node_modules/npm/lib/utils/map-to-registry.js:62:3)
30 verbose stack     at publish_ (/home/jdb/bin/node-v6.7.0-linux-x64/lib/node_modules/npm/lib/publish.js:107:3)
30 verbose stack     at Array.<anonymous> (/home/jdb/bin/node-v6.7.0-linux-x64/lib/node_modules/npm/node_modules/slide/lib/bind-actor.js:15:8)
30 verbose stack     at LOOP (/home/jdb/bin/node-v6.7.0-linux-x64/lib/node_modules/npm/node_modules/slide/lib/chain.js:15:14)
30 verbose stack     at LOOP (/home/jdb/bin/node-v6.7.0-linux-x64/lib/node_modules/npm/node_modules/slide/lib/chain.js:14:28)
30 verbose stack     at chain (/home/jdb/bin/node-v6.7.0-linux-x64/lib/node_modules/npm/node_modules/slide/lib/chain.js:20:5)
30 verbose stack     at /home/jdb/bin/node-v6.7.0-linux-x64/lib/node_modules/npm/lib/publish.js:73:5
30 verbose stack     at RES (/home/jdb/bin/node-v6.7.0-linux-x64/lib/node_modules/npm/node_modules/inflight/inflight.js:23:14)
31 verbose cwd /home/jdb/Desktop/npm-exec
32 error Linux 4.7.2-galliumos
33 error argv "/home/jdb/bin/node-v6.7.0-linux-x64/bin/node" "/home/jdb/bin/npm" "publish"
34 error node v6.7.0
35 error npm  v3.10.3
36 error code ENEEDAUTH
37 error need auth auth required for publishing
38 error need auth You need to authorize this machine using `npm adduser`
39 verbose exit [ 1, true ]
